0 info it worked if it ends with ok
1 verbose cli [ 'node', '/usr/local/bin/npm', 'publish' ]
2 info using npm@1.4.28
3 info using node@v0.10.32
4 verbose publish [ '.' ]
5 verbose cache add [ '.', null ]
6 verbose cache add name=undefined spec="." args=[".",null]
7 verbose parsed url { protocol: null,
7 verbose parsed url   slashes: null,
7 verbose parsed url   auth: null,
7 verbose parsed url   host: null,
7 verbose parsed url   port: null,
7 verbose parsed url   hostname: null,
7 verbose parsed url   hash: null,
7 verbose parsed url   search: null,
7 verbose parsed url   query: null,
7 verbose parsed url   pathname: '.',
7 verbose parsed url   path: '.',
7 verbose parsed url   href: '.' }
8 silly lockFile 3a52ce78- .
9 verbose lock . /Users/paco/.npm/3a52ce78-.lock
10 verbose tar pack [ '/Users/paco/.npm/pre-interview-test/1.0.2/package.tgz', '.' ]
11 verbose tarball /Users/paco/.npm/pre-interview-test/1.0.2/package.tgz
12 verbose folder .
13 info prepublish pre-interview-test@1.0.2
14 silly lockFile 1f1177db-tar tar://.
15 verbose lock tar://. /Users/paco/.npm/1f1177db-tar.lock
16 silly lockFile f7e83a5e-interview-test-1-0-2-package-tgz tar:///Users/paco/.npm/pre-interview-test/1.0.2/package.tgz
17 verbose lock tar:///Users/paco/.npm/pre-interview-test/1.0.2/package.tgz /Users/paco/.npm/f7e83a5e-interview-test-1-0-2-package-tgz.lock
18 silly lockFile 1f1177db-tar tar://.
19 silly lockFile 1f1177db-tar tar://.
20 silly lockFile f7e83a5e-interview-test-1-0-2-package-tgz tar:///Users/paco/.npm/pre-interview-test/1.0.2/package.tgz
21 silly lockFile f7e83a5e-interview-test-1-0-2-package-tgz tar:///Users/paco/.npm/pre-interview-test/1.0.2/package.tgz
22 silly lockFile 7a14d668-pre-interview-test-1-0-2-package /Users/paco/.npm/pre-interview-test/1.0.2/package
23 verbose lock /Users/paco/.npm/pre-interview-test/1.0.2/package /Users/paco/.npm/7a14d668-pre-interview-test-1-0-2-package.lock
24 silly lockFile 7a14d668-pre-interview-test-1-0-2-package /Users/paco/.npm/pre-interview-test/1.0.2/package
25 silly lockFile 7a14d668-pre-interview-test-1-0-2-package /Users/paco/.npm/pre-interview-test/1.0.2/package
26 silly lockFile 3a52ce78- .
27 silly lockFile 3a52ce78- .
28 silly publish { name: 'pre-interview-test',
28 silly publish   version: '1.0.2',
28 silly publish   description: 'Send a partial movie name -> returns full title and release year',
28 silly publish   main: 'index.js',
28 silly publish   author: { name: 'Francois Planet' },
28 silly publish   license: 'ISC',
28 silly publish   dependencies: { request: '^2.55.0' },
28 silly publish   bin: { 'pre-interview-test': 'index.js' },
28 silly publish   readme: '## Pre-Interview-Test\n\n\n### Install\n\n`npm install pre-interview-test -g`\n\nbut if you clone the project\n\n`npm install`\n`sudo npm link`\n\n\n### Usage and Example\n\n\t$ pre-interview-test batman\n\tTitle: Batman\n\tYear: 1989\n\n\t$ pre-interview-test avengers\n\tTitle: Avengers\n\tYear: 1987\n\n\t$ pre-interview-test ultron\n\tTitle: Avengers: Age of Ultron\n\tYear: 2015\n',
28 silly publish   readmeFilename: 'README.md',
28 silly publish   gitHead: '89ea15a895caec795f303799ab1ba1f6fd56d4f3',
28 silly publish   _id: 'pre-interview-test@1.0.2',
28 silly publish   scripts: {},
28 silly publish   _shasum: '5c96531647b2002058379280152f8f82449fd9d6',
28 silly publish   _from: '.' }
29 verbose request where is /pre-interview-test
30 verbose request registry https://registry.npmjs.org/
31 verbose request id baaac3f77293ddb3
32 verbose url raw /pre-interview-test
33 verbose url resolving [ 'https://registry.npmjs.org/', './pre-interview-test' ]
34 verbose url resolved https://registry.npmjs.org/pre-interview-test
35 verbose request where is https://registry.npmjs.org/pre-interview-test
36 info trying registry request attempt 1 at 12:54:33
37 http PUT https://registry.npmjs.org/pre-interview-test
38 http 403 https://registry.npmjs.org/pre-interview-test
39 verbose headers { 'content-type': 'application/json',
39 verbose headers   'cache-control': 'max-age=60',
39 verbose headers   'content-length': '95',
39 verbose headers   'accept-ranges': 'bytes',
39 verbose headers   date: 'Wed, 27 May 2015 16:54:34 GMT',
39 verbose headers   via: '1.1 varnish',
39 verbose headers   connection: 'keep-alive',
39 verbose headers   'x-served-by': 'cache-jfk1035-JFK',
39 verbose headers   'x-cache': 'MISS',
39 verbose headers   'x-cache-hits': '0',
39 verbose headers   'x-timer': 'S1432745673.886888,VS0,VE126' }
40 error publish Failed PUT 403
41 error Error: "You cannot publish over the previously published version 1.0.2." : pre-interview-test
41 error     at RegClient.<anonymous> (/usr/local/lib/node_modules/npm/node_modules/npm-registry-client/lib/request.js:308:14)
41 error     at Request._callback (/usr/local/lib/node_modules/npm/node_modules/npm-registry-client/lib/request.js:246:65)
41 error     at Request.self.callback (/usr/local/lib/node_modules/npm/node_modules/request/request.js:236:22)
41 error     at Request.emit (events.js:98:17)
41 error     at Request.<anonymous> (/usr/local/lib/node_modules/npm/node_modules/request/request.js:1142:14)
41 error     at Request.emit (events.js:117:20)
41 error     at IncomingMessage.<anonymous> (/usr/local/lib/node_modules/npm/node_modules/request/request.js:1096:12)
41 error     at IncomingMessage.emit (events.js:117:20)
41 error     at _stream_readable.js:943:16
41 error     at process._tickCallback (node.js:419:13)
42 error If you need help, you may report this *entire* log,
42 error including the npm and node versions, at:
42 error     <http://github.com/npm/npm/issues>
43 error System Darwin 14.0.0
44 error command "node" "/usr/local/bin/npm" "publish"
45 error cwd /Users/paco/Desktop/testSeevibes/pre-interview-test
46 error node -v v0.10.32
47 error npm -v 1.4.28
48 verbose exit [ 1, true ]
